<ref *1> Error: cannot estimate gas; transaction may fail or may require manual gas limit (error={"reason":"timeout","code":"TIMEOUT","requestBody":"{\"method\":\"eth_getBlockByNumber\",\"params\":[\"latest\",false],\"id\":46,\"jsonrpc\":\"2.0\"}","requestMethod":"POST","timeout":120000,"url":"https://rpc.testnet.moonbeam.network"}, tx={"data":"0x2f2ff15d524547554c415445445f455243323000000000000000000000000000000000000000000000000000000000007318f50474bc7b08a6a35fdf44e2e00cb0b2fd6a","to":{},"from":"0x6f56C250992655f9ca83E3246dcBDC9555A6771F","gasPrice":{"type":"BigNumber","hex":"0x3b9aca00"},"type":0,"nonce":{},"gasLimit":{},"chainId":{}}, code=UNPREDICTABLE_GAS_LIMIT, version=abstract-signer/5.5.0)
    at Logger.makeError (/Users/zhangyifu/zCloak-network/z-profile/node_modules/@ethersproject/logger/src.ts/index.ts:225:28)
    at Logger.throwError (/Users/zhangyifu/zCloak-network/z-profile/node_modules/@ethersproject/logger/src.ts/index.ts:237:20)
    at /Users/zhangyifu/zCloak-network/z-profile/node_modules/@ethersproject/abstract-signer/src.ts/index.ts:301:31
    at async Promise.all (index 6) {
  reason: 'cannot estimate gas; transaction may fail or may require manual gas limit',
  code: 'UNPREDICTABLE_GAS_LIMIT',
  error: Error: timeout (requestBody="{\"method\":\"eth_getBlockByNumber\",\"params\":[\"latest\",false],\"id\":46,\"jsonrpc\":\"2.0\"}", requestMethod="POST", timeout=120000, url="https://rpc.testnet.moonbeam.network", code=TIMEOUT, version=web/5.5.1)
      at Logger.makeError (/Users/zhangyifu/zCloak-network/z-profile/node_modules/@ethersproject/logger/src.ts/index.ts:225:28)
      at Timeout._onTimeout (/Users/zhangyifu/zCloak-network/z-profile/node_modules/@ethersproject/web/src.ts/index.ts:207:35)
      at listOnTimeout (node:internal/timers:557:17)
      at processTimers (node:internal/timers:500:7) {
    reason: 'timeout',
    code: 'TIMEOUT',
    requestBody: '{"method":"eth_getBlockByNumber","params":["latest",false],"id":46,"jsonrpc":"2.0"}',
    requestMethod: 'POST',
    timeout: 120000,
    url: 'https://rpc.testnet.moonbeam.network'
  },
  tx: {
    data: '0x2f2ff15d524547554c415445445f455243323000000000000000000000000000000000000000000000000000000000007318f50474bc7b08a6a35fdf44e2e00cb0b2fd6a',
    to: Promise { '0x3b790fB0C5A8CA515308F2edaf6b676f937B02b0' },
    from: '0x6f56C250992655f9ca83E3246dcBDC9555A6771F',
    gasPrice: BigNumber { _hex: '0x3b9aca00', _isBigNumber: true },
    type: 0,
    nonce: Promise { 230 },
    gasLimit: Promise { <rejected> [Circular *1] },
    chainId: Promise { 1287 }
  }
}
